2025-02-25T10:22:20.129+05:30  INFO 16916 --- [EmployeePayrollApp] [restartedMain] c.b.e.EmployeePayrollAppApplication      : Starting EmployeePayrollAppApplication using Java 23.0.1 with PID 16916 (C:\Users\lenovo\Desktop\Java Fundamental\EmployeePayrollApp\EmployeePayrollApp\target\classes started by Rishika in C:\Users\lenovo\Desktop\Java Fundamental\EmployeePayrollApp)
2025-02-25T10:22:20.133+05:30  INFO 16916 --- [EmployeePayrollApp] [restartedMain] c.b.e.EmployeePayrollAppApplication      : No active profile set, falling back to 1 default profile: "default"
2025-02-25T10:22:20.270+05:30  INFO 16916 --- [EmployeePayrollApp] [restartedMain] .e.DevToolsPropertyDefaultsPostProcessor : Devtools property defaults active! Set 'spring.devtools.add-properties' to 'false' to disable
2025-02-25T10:22:20.271+05:30  INFO 16916 --- [EmployeePayrollApp] [restartedMain] .e.DevToolsPropertyDefaultsPostProcessor : For additional web related logging consider setting the 'logging.level.web' property to 'DEBUG'
2025-02-25T10:22:21.559+05:30  INFO 16916 --- [EmployeePayrollApp] [restartedMain] .s.d.r.c.RepositoryConfigurationDelegate : Bootstrapping Spring Data JPA repositories in DEFAULT mode.
2025-02-25T10:22:21.663+05:30  INFO 16916 --- [EmployeePayrollApp] [restartedMain] .s.d.r.c.RepositoryConfigurationDelegate : Finished Spring Data repository scanning in 89 ms. Found 1 JPA repository interface.
2025-02-25T10:22:22.806+05:30  INFO 16916 --- [EmployeePayrollApp] [restartedMain] o.s.b.w.embedded.tomcat.TomcatWebServer  : Tomcat initialized with port 8080 (http)
2025-02-25T10:22:22.831+05:30  INFO 16916 --- [EmployeePayrollApp] [restartedMain] o.apache.catalina.core.StandardService   : Starting service [Tomcat]
2025-02-25T10:22:22.832+05:30  INFO 16916 --- [EmployeePayrollApp] [restartedMain] o.apache.catalina.core.StandardEngine    : Starting Servlet engine: [Apache Tomcat/10.1.18]
2025-02-25T10:22:22.964+05:30  INFO 16916 --- [EmployeePayrollApp] [restartedMain] o.a.c.c.C.[Tomcat].[localhost].[/]       : Initializing Spring embedded WebApplicationContext
2025-02-25T10:22:22.965+05:30  INFO 16916 --- [EmployeePayrollApp] [restartedMain] w.s.c.ServletWebServerApplicationContext : Root WebApplicationContext: initialization completed in 2692 ms
2025-02-25T10:22:23.407+05:30  INFO 16916 --- [EmployeePayrollApp] [restartedMain] o.hibernate.jpa.internal.util.LogHelper  : HHH000204: Processing PersistenceUnitInfo [name: default]
2025-02-25T10:22:23.557+05:30  INFO 16916 --- [EmployeePayrollApp] [restartedMain] org.hibernate.Version                    : HHH000412: Hibernate ORM core version 6.4.1.Final
2025-02-25T10:22:23.646+05:30  INFO 16916 --- [EmployeePayrollApp] [restartedMain] o.h.c.internal.RegionFactoryInitiator    : HHH000026: Second-level cache disabled
2025-02-25T10:22:24.199+05:30  INFO 16916 --- [EmployeePayrollApp] [restartedMain] o.s.o.j.p.SpringPersistenceUnitInfo      : No LoadTimeWeaver setup: ignoring JPA class transformer
2025-02-25T10:22:24.256+05:30  INFO 16916 --- [EmployeePayrollApp] [restartedMain] com.zaxxer.hikari.HikariDataSource       : HikariPool-1 - Starting...
2025-02-25T10:22:25.121+05:30  INFO 16916 --- [EmployeePayrollApp] [restartedMain] com.zaxxer.hikari.pool.HikariPool        : HikariPool-1 - Added connection com.mysql.cj.jdbc.ConnectionImpl@280d6694
2025-02-25T10:22:25.125+05:30  INFO 16916 --- [EmployeePayrollApp] [restartedMain] com.zaxxer.hikari.HikariDataSource       : HikariPool-1 - Start completed.
2025-02-25T10:22:25.209+05:30  WARN 16916 --- [EmployeePayrollApp] [restartedMain] org.hibernate.orm.deprecation            : HHH90000025: MySQL8Dialect does not need to be specified explicitly using 'hibernate.dialect' (remove the property setting and it will be selected by default)
2025-02-25T10:22:25.211+05:30  WARN 16916 --- [EmployeePayrollApp] [restartedMain] org.hibernate.orm.deprecation            : HHH90000026: MySQL8Dialect has been deprecated; use org.hibernate.dialect.MySQLDialect instead
2025-02-25T10:22:26.839+05:30  INFO 16916 --- [EmployeePayrollApp] [restartedMain] o.h.e.t.j.p.i.JtaPlatformInitiator       : HHH000489: No JTA platform available (set 'hibernate.transaction.jta.platform' to enable JTA platform integration)
2025-02-25T10:22:26.935+05:30  INFO 16916 --- [EmployeePayrollApp] [restartedMain] j.LocalContainerEntityManagerFactoryBean : Initialized JPA EntityManagerFactory for persistence unit 'default'
2025-02-25T10:22:27.491+05:30  WARN 16916 --- [EmployeePayrollApp] [restartedMain] JpaBaseConfiguration$JpaWebConfiguration : spring.jpa.open-in-view is enabled by default. Therefore, database queries may be performed during view rendering. Explicitly configure spring.jpa.open-in-view to disable this warning
2025-02-25T10:22:28.091+05:30  INFO 16916 --- [EmployeePayrollApp] [restartedMain] o.s.b.d.a.OptionalLiveReloadServer       : LiveReload server is running on port 35729
2025-02-25T10:22:28.149+05:30  INFO 16916 --- [EmployeePayrollApp] [restartedMain] o.s.b.w.embedded.tomcat.TomcatWebServer  : Tomcat started on port 8080 (http) with context path ''
2025-02-25T10:22:28.163+05:30  INFO 16916 --- [EmployeePayrollApp] [restartedMain] c.b.e.EmployeePayrollAppApplication      : Started EmployeePayrollAppApplication in 8.883 seconds (process running for 9.883)
2025-02-25T10:23:38.708+05:30  INFO 16916 --- [EmployeePayrollApp] [SpringApplicationShutdownHook] j.LocalContainerEntityManagerFactoryBean : Closing JPA EntityManagerFactory for persistence unit 'default'
2025-02-25T10:23:38.714+05:30  INFO 16916 --- [EmployeePayrollApp] [SpringApplicationShutdownHook] com.zaxxer.hikari.HikariDataSource       : HikariPool-1 - Shutdown initiated...
2025-02-25T10:23:38.729+05:30  INFO 16916 --- [EmployeePayrollApp] [SpringApplicationShutdownHook] com.zaxxer.hikari.HikariDataSource       : HikariPool-1 - Shutdown completed.
2025-02-25T10:23:44.119+05:30  INFO 11788 --- [EmployeePayrollApp] [restartedMain] c.b.e.EmployeePayrollAppApplication      : Starting EmployeePayrollAppApplication using Java 23.0.1 with PID 11788 (C:\Users\lenovo\Desktop\Java Fundamental\EmployeePayrollApp\EmployeePayrollApp\target\classes started by Rishika in C:\Users\lenovo\Desktop\Java Fundamental\EmployeePayrollApp)
2025-02-25T10:23:44.124+05:30  INFO 11788 --- [EmployeePayrollApp] [restartedMain] c.b.e.EmployeePayrollAppApplication      : No active profile set, falling back to 1 default profile: "default"
2025-02-25T10:23:44.260+05:30  INFO 11788 --- [EmployeePayrollApp] [restartedMain] .e.DevToolsPropertyDefaultsPostProcessor : Devtools property defaults active! Set 'spring.devtools.add-properties' to 'false' to disable
2025-02-25T10:23:44.260+05:30  INFO 11788 --- [EmployeePayrollApp] [restartedMain] .e.DevToolsPropertyDefaultsPostProcessor : For additional web related logging consider setting the 'logging.level.web' property to 'DEBUG'
2025-02-25T10:23:45.561+05:30  INFO 11788 --- [EmployeePayrollApp] [restartedMain] .s.d.r.c.RepositoryConfigurationDelegate : Bootstrapping Spring Data JPA repositories in DEFAULT mode.
2025-02-25T10:23:45.681+05:30  INFO 11788 --- [EmployeePayrollApp] [restartedMain] .s.d.r.c.RepositoryConfigurationDelegate : Finished Spring Data repository scanning in 104 ms. Found 1 JPA repository interface.
2025-02-25T10:23:46.896+05:30  INFO 11788 --- [EmployeePayrollApp] [restartedMain] o.s.b.w.embedded.tomcat.TomcatWebServer  : Tomcat initialized with port 8080 (http)
2025-02-25T10:23:46.927+05:30  INFO 11788 --- [EmployeePayrollApp] [restartedMain] o.apache.catalina.core.StandardService   : Starting service [Tomcat]
2025-02-25T10:23:46.928+05:30  INFO 11788 --- [EmployeePayrollApp] [restartedMain] o.apache.catalina.core.StandardEngine    : Starting Servlet engine: [Apache Tomcat/10.1.18]
2025-02-25T10:23:47.066+05:30  INFO 11788 --- [EmployeePayrollApp] [restartedMain] o.a.c.c.C.[Tomcat].[localhost].[/]       : Initializing Spring embedded WebApplicationContext
2025-02-25T10:23:47.066+05:30  INFO 11788 --- [EmployeePayrollApp] [restartedMain] w.s.c.ServletWebServerApplicationContext : Root WebApplicationContext: initialization completed in 2805 ms
2025-02-25T10:23:47.378+05:30  INFO 11788 --- [EmployeePayrollApp] [restartedMain] o.hibernate.jpa.internal.util.LogHelper  : HHH000204: Processing PersistenceUnitInfo [name: default]
2025-02-25T10:23:47.515+05:30  INFO 11788 --- [EmployeePayrollApp] [restartedMain] org.hibernate.Version                    : HHH000412: Hibernate ORM core version 6.4.1.Final
2025-02-25T10:23:47.608+05:30  INFO 11788 --- [EmployeePayrollApp] [restartedMain] o.h.c.internal.RegionFactoryInitiator    : HHH000026: Second-level cache disabled
2025-02-25T10:23:48.169+05:30  INFO 11788 --- [EmployeePayrollApp] [restartedMain] o.s.o.j.p.SpringPersistenceUnitInfo      : No LoadTimeWeaver setup: ignoring JPA class transformer
2025-02-25T10:23:48.217+05:30  INFO 11788 --- [EmployeePayrollApp] [restartedMain] com.zaxxer.hikari.HikariDataSource       : HikariPool-1 - Starting...
2025-02-25T10:23:49.005+05:30  INFO 11788 --- [EmployeePayrollApp] [restartedMain] com.zaxxer.hikari.pool.HikariPool        : HikariPool-1 - Added connection com.mysql.cj.jdbc.ConnectionImpl@f918516
2025-02-25T10:23:49.010+05:30  INFO 11788 --- [EmployeePayrollApp] [restartedMain] com.zaxxer.hikari.HikariDataSource       : HikariPool-1 - Start completed.
2025-02-25T10:23:49.100+05:30  WARN 11788 --- [EmployeePayrollApp] [restartedMain] org.hibernate.orm.deprecation            : HHH90000025: MySQL8Dialect does not need to be specified explicitly using 'hibernate.dialect' (remove the property setting and it will be selected by default)
2025-02-25T10:23:49.102+05:30  WARN 11788 --- [EmployeePayrollApp] [restartedMain] org.hibernate.orm.deprecation            : HHH90000026: MySQL8Dialect has been deprecated; use org.hibernate.dialect.MySQLDialect instead
2025-02-25T10:23:50.735+05:30  INFO 11788 --- [EmployeePayrollApp] [restartedMain] o.h.e.t.j.p.i.JtaPlatformInitiator       : HHH000489: No JTA platform available (set 'hibernate.transaction.jta.platform' to enable JTA platform integration)
2025-02-25T10:23:50.815+05:30  INFO 11788 --- [EmployeePayrollApp] [restartedMain] j.LocalContainerEntityManagerFactoryBean : Initialized JPA EntityManagerFactory for persistence unit 'default'
2025-02-25T10:23:51.438+05:30  WARN 11788 --- [EmployeePayrollApp] [restartedMain] JpaBaseConfiguration$JpaWebConfiguration : spring.jpa.open-in-view is enabled by default. Therefore, database queries may be performed during view rendering. Explicitly configure spring.jpa.open-in-view to disable this warning
2025-02-25T10:23:52.159+05:30  INFO 11788 --- [EmployeePayrollApp] [restartedMain] o.s.b.d.a.OptionalLiveReloadServer       : LiveReload server is running on port 35729
2025-02-25T10:23:52.240+05:30  INFO 11788 --- [EmployeePayrollApp] [restartedMain] o.s.b.w.embedded.tomcat.TomcatWebServer  : Tomcat started on port 8080 (http) with context path ''
2025-02-25T10:23:52.257+05:30  INFO 11788 --- [EmployeePayrollApp] [restartedMain] c.b.e.EmployeePayrollAppApplication      : Started EmployeePayrollAppApplication in 9.085 seconds (process running for 10.207)
2025-02-25T10:25:12.527+05:30  INFO 11788 --- [EmployeePayrollApp] [http-nio-8080-exec-1] o.a.c.c.C.[Tomcat].[localhost].[/]       : Initializing Spring DispatcherServlet 'dispatcherServlet'
2025-02-25T10:25:12.528+05:30  INFO 11788 --- [EmployeePayrollApp] [http-nio-8080-exec-1] o.s.web.servlet.DispatcherServlet        : Initializing Servlet 'dispatcherServlet'
2025-02-25T10:25:12.532+05:30  INFO 11788 --- [EmployeePayrollApp] [http-nio-8080-exec-1] o.s.web.servlet.DispatcherServlet        : Completed initialization in 3 ms
2025-02-25T10:27:01.576+05:30  INFO 11788 --- [EmployeePayrollApp] [SpringApplicationShutdownHook] j.LocalContainerEntityManagerFactoryBean : Closing JPA EntityManagerFactory for persistence unit 'default'
2025-02-25T10:27:01.594+05:30  INFO 11788 --- [EmployeePayrollApp] [SpringApplicationShutdownHook] com.zaxxer.hikari.HikariDataSource       : HikariPool-1 - Shutdown initiated...
2025-02-25T10:27:01.617+05:30  INFO 11788 --- [EmployeePayrollApp] [SpringApplicationShutdownHook] com.zaxxer.hikari.HikariDataSource       : HikariPool-1 - Shutdown completed.
2025-02-25T10:32:46.637+05:30  INFO 20120 --- [EmployeePayrollApp] [main] c.b.e.EmployeePayrollAppApplication      : Starting EmployeePayrollAppApplication using Java 23.0.1 with PID 20120 (C:\Users\lenovo\Desktop\Java Fundamental\EmployeePayrollApp\EmployeePayrollApp\target\classes started by Rishika in C:\Users\lenovo\Desktop\Java Fundamental\EmployeePayrollApp)
2025-02-25T10:32:46.643+05:30  INFO 20120 --- [EmployeePayrollApp] [main] c.b.e.EmployeePayrollAppApplication      : No active profile set, falling back to 1 default profile: "default"
2025-02-25T10:32:48.283+05:30  INFO 20120 --- [EmployeePayrollApp] [main] .s.d.r.c.RepositoryConfigurationDelegate : Bootstrapping Spring Data JPA repositories in DEFAULT mode.
2025-02-25T10:32:48.416+05:30  INFO 20120 --- [EmployeePayrollApp] [main] .s.d.r.c.RepositoryConfigurationDelegate : Finished Spring Data repository scanning in 114 ms. Found 1 JPA repository interface.
2025-02-25T10:32:49.739+05:30  INFO 20120 --- [EmployeePayrollApp] [main] o.s.b.w.embedded.tomcat.TomcatWebServer  : Tomcat initialized with port 8080 (http)
2025-02-25T10:32:49.769+05:30  INFO 20120 --- [EmployeePayrollApp] [main] o.apache.catalina.core.StandardService   : Starting service [Tomcat]
2025-02-25T10:32:49.769+05:30  INFO 20120 --- [EmployeePayrollApp] [main] o.apache.catalina.core.StandardEngine    : Starting Servlet engine: [Apache Tomcat/10.1.18]
2025-02-25T10:32:49.915+05:30  INFO 20120 --- [EmployeePayrollApp] [main] o.a.c.c.C.[Tomcat].[localhost].[/]       : Initializing Spring embedded WebApplicationContext
2025-02-25T10:32:49.915+05:30  INFO 20120 --- [EmployeePayrollApp] [main] w.s.c.ServletWebServerApplicationContext : Root WebApplicationContext: initialization completed in 3151 ms
2025-02-25T10:32:50.308+05:30  INFO 20120 --- [EmployeePayrollApp] [main] o.hibernate.jpa.internal.util.LogHelper  : HHH000204: Processing PersistenceUnitInfo [name: default]
2025-02-25T10:32:50.455+05:30  INFO 20120 --- [EmployeePayrollApp] [main] org.hibernate.Version                    : HHH000412: Hibernate ORM core version 6.4.1.Final
2025-02-25T10:32:50.538+05:30  INFO 20120 --- [EmployeePayrollApp] [main] o.h.c.internal.RegionFactoryInitiator    : HHH000026: Second-level cache disabled
2025-02-25T10:32:51.079+05:30  INFO 20120 --- [EmployeePayrollApp] [main] o.s.o.j.p.SpringPersistenceUnitInfo      : No LoadTimeWeaver setup: ignoring JPA class transformer
2025-02-25T10:32:51.154+05:30  INFO 20120 --- [EmployeePayrollApp] [main] com.zaxxer.hikari.HikariDataSource       : HikariPool-1 - Starting...
2025-02-25T10:32:51.983+05:30  INFO 20120 --- [EmployeePayrollApp] [main] com.zaxxer.hikari.pool.HikariPool        : HikariPool-1 - Added connection com.mysql.cj.jdbc.ConnectionImpl@4c2ab536
2025-02-25T10:32:51.988+05:30  INFO 20120 --- [EmployeePayrollApp] [main] com.zaxxer.hikari.HikariDataSource       : HikariPool-1 - Start completed.
2025-02-25T10:32:52.092+05:30  WARN 20120 --- [EmployeePayrollApp] [main] org.hibernate.orm.deprecation            : HHH90000025: MySQL8Dialect does not need to be specified explicitly using 'hibernate.dialect' (remove the property setting and it will be selected by default)
2025-02-25T10:32:52.094+05:30  WARN 20120 --- [EmployeePayrollApp] [main] org.hibernate.orm.deprecation            : HHH90000026: MySQL8Dialect has been deprecated; use org.hibernate.dialect.MySQLDialect instead
2025-02-25T10:32:53.756+05:30  INFO 20120 --- [EmployeePayrollApp] [main] o.h.e.t.j.p.i.JtaPlatformInitiator       : HHH000489: No JTA platform available (set 'hibernate.transaction.jta.platform' to enable JTA platform integration)
2025-02-25T10:32:53.852+05:30  INFO 20120 --- [EmployeePayrollApp] [main] j.LocalContainerEntityManagerFactoryBean : Initialized JPA EntityManagerFactory for persistence unit 'default'
2025-02-25T10:32:54.384+05:30  WARN 20120 --- [EmployeePayrollApp] [main] JpaBaseConfiguration$JpaWebConfiguration : spring.jpa.open-in-view is enabled by default. Therefore, database queries may be performed during view rendering. Explicitly configure spring.jpa.open-in-view to disable this warning
2025-02-25T10:32:55.048+05:30  INFO 20120 --- [EmployeePayrollApp] [main] o.s.b.w.embedded.tomcat.TomcatWebServer  : Tomcat started on port 8080 (http) with context path ''
2025-02-25T10:32:55.068+05:30  INFO 20120 --- [EmployeePayrollApp] [main] c.b.e.EmployeePayrollAppApplication      : Started EmployeePayrollAppApplication in 9.42 seconds (process running for 10.277)
2025-02-25T10:34:01.820+05:30  INFO 20120 --- [EmployeePayrollApp] [SpringApplicationShutdownHook] j.LocalContainerEntityManagerFactoryBean : Closing JPA EntityManagerFactory for persistence unit 'default'
2025-02-25T10:34:01.826+05:30  INFO 20120 --- [EmployeePayrollApp] [SpringApplicationShutdownHook] com.zaxxer.hikari.HikariDataSource       : HikariPool-1 - Shutdown initiated...
2025-02-25T10:34:01.853+05:30  INFO 20120 --- [EmployeePayrollApp] [SpringApplicationShutdownHook] com.zaxxer.hikari.HikariDataSource       : HikariPool-1 - Shutdown completed.
